<?xml version="1.0" encoding="UTF-8"?>
<!-- Generated by org.testng.reporters.JUnitReportReporter -->
<testsuite hostname="Sciencefreek" failures="0" tests="1" name="com.w3schools.tests.LoginTest" time="22.249" errors="0" timestamp="2023-11-21T11:46:13 IST" skipped="0">
  <testcase classname="com.w3schools.tests.LoginTest" name="loginWithValidCredentials" time="22.249"/>
  <system-out/>
</testsuite> <!-- com.w3schools.tests.LoginTest -->
