<?xml version="1.0" encoding="UTF-8"?>
<!-- Generated by org.testng.reporters.JUnitReportReporter -->
<testsuite hostname="Sciencefreek" failures="0" tests="1" name="com.w3schools.tests.LoginTest" time="19.086" errors="0" timestamp="2023-11-21T10:58:57 IST" skipped="0">
  <testcase classname="com.w3schools.tests.LoginTest" name="loginWithValidCredentials" time="19.086"/>
  <system-out/>
</testsuite> <!-- com.w3schools.tests.LoginTest -->
