<?xml version="1.0" encoding="UTF-8"?>
<!-- Generated by org.testng.reporters.JUnitReportReporter -->
<testsuite hostname="Sciencefreek" failures="0" tests="1" name="com.w3schools.tests.ProfileTest" time="17.142" errors="0" timestamp="2023-11-22T15:47:04 IST" skipped="0">
  <testcase classname="com.w3schools.tests.ProfileTest" name="loginWithValidCredentials" time="17.142"/>
  <system-out/>
</testsuite> <!-- com.w3schools.tests.ProfileTest -->
