<?xml version="1.0" encoding="UTF-8"?>
<!-- Generated by org.testng.reporters.JUnitReportReporter -->
<testsuite hostname="Sciencefreek" failures="0" tests="1" name="com.w3schools.tests.LoginTest" time="18.961" errors="0" timestamp="2023-11-22T11:36:16 IST" skipped="0">
  <testcase classname="com.w3schools.tests.LoginTest" name="loginWithValidCredentials" time="18.961"/>
  <system-out/>
</testsuite> <!-- com.w3schools.tests.LoginTest -->
